# JRE version: Java(TM) SE Runtime Environment (17.0.8+9) (build 17.0.8+9-LTS-211)
# Java VM: Java HotSpot(TM) 64-Bit Server VM (17.0.8+9-LTS-211, mixed mode, sharing, tiered, compressed oops, compressed class ptrs, g1 gc, windows-amd64)
GC Precious Log:
 CPUs: 8 total, 8 available
 Memory: 16226M
 Large Page Support: Disabled
 NUMA Support: Disabled
 Compressed Oops: Enabled (32-bit)
 Heap Region Size: 1M
 Heap Min Capacity: 256M
 Heap Initial Capacity: 256M
 Heap Max Capacity: 512M
 Pre-touch: Disabled
 Parallel Workers: 8
 Concurrent Workers: 2
 Concurrent Refinement Workers: 8
 Periodic GC: Disabled
Heap:
 garbage-first heap   total 262144K, used 144236K [0x00000000e0000000, 0x0000000100000000)
  region size 1024K, 78 young (79872K), 5 survivors (5120K)
 Metaspace       used 62256K, committed 62976K, reserved 393216K
  class space    used 8665K, committed 8960K, reserved 327680K
GC Heap History (18 events):
Event: 0.507 GC heap before
{Heap before GC invocations=0 (full 0):
 garbage-first heap   total 262144K, used 26624K [0x00000000e0000000, 0x0000000100000000)
  region size 1024K, 23 young (23552K), 0 survivors (0K)
 Metaspace       used 3056K, committed 3200K, reserved 393216K
  class space    used 388K, committed 448K, reserved 327680K
}
Event: 0.510 GC heap after
{Heap after GC invocations=1 (full 0):
 garbage-first heap   total 262144K, used 10948K [0x00000000e0000000, 0x0000000100000000)
  region size 1024K, 3 young (3072K), 3 survivors (3072K)
 Metaspace       used 3056K, committed 3200K, reserved 393216K
  class space    used 388K, committed 448K, reserved 327680K
}
Event: 0.852 GC heap before
{Heap before GC invocations=1 (full 0):
 garbage-first heap   total 262144K, used 38596K [0x00000000e0000000, 0x0000000100000000)
  region size 1024K, 30 young (30720K), 3 survivors (3072K)
 Metaspace       used 4041K, committed 4224K, reserved 393216K
  class space    used 491K, committed 576K, reserved 327680K
}
Event: 0.855 GC heap after
{Heap after GC invocations=2 (full 0):
 garbage-first heap   total 262144K, used 11743K [0x00000000e0000000, 0x0000000100000000)
  region size 1024K, 1 young (1024K), 1 survivors (1024K)
 Metaspace       used 4041K, committed 4224K, reserved 393216K
  class space    used 491K, committed 576K, reserved 327680K
}
Event: 2.627 GC heap before
{Heap before GC invocations=2 (full 0):
 garbage-first heap   total 262144K, used 130527K [0x00000000e0000000, 0x0000000100000000)
  region size 1024K, 117 young (119808K), 1 survivors (1024K)
 Metaspace       used 21204K, committed 21504K, reserved 393216K
  class space    used 3157K, committed 3328K, reserved 327680K
}
Event: 2.635 GC heap after
{Heap after GC invocations=3 (full 0):
 garbage-first heap   total 262144K, used 22900K [0x00000000e0000000, 0x0000000100000000)
  region size 1024K, 12 young (12288K), 12 survivors (12288K)
 Metaspace       used 21204K, committed 21504K, reserved 393216K
  class space    used 3157K, committed 3328K, reserved 327680K
}
Event: 3.895 GC heap before
{Heap before GC invocations=4 (full 0):
 garbage-first heap   total 262144K, used 150900K [0x00000000e0000000, 0x0000000100000000)
  region size 1024K, 133 young (136192K), 12 survivors (12288K)
 Metaspace       used 35273K, committed 35648K, reserved 393216K
  class space    used 4943K, committed 5120K, reserved 327680K
}
Event: 3.908 GC heap after
{Heap after GC invocations=5 (full 0):
 garbage-first heap   total 262144K, used 32116K [0x00000000e0000000, 0x0000000100000000)
  region size 1024K, 10 young (10240K), 10 survivors (10240K)
 Metaspace       used 35273K, committed 35648K, reserved 393216K
  class space    used 4943K, committed 5120K, reserved 327680K
}
Event: 4.365 GC heap before
{Heap before GC invocations=5 (full 0):
 garbage-first heap   total 262144K, used 178548K [0x00000000e0000000, 0x0000000100000000)
  region size 1024K, 153 young (156672K), 10 survivors (10240K)
 Metaspace       used 35454K, committed 35840K, reserved 393216K
  class space    used 4943K, committed 5120K, reserved 327680K
}
Event: 4.379 GC heap after
{Heap after GC invocations=6 (full 0):
 garbage-first heap   total 262144K, used 40276K [0x00000000e0000000, 0x0000000100000000)
  region size 1024K, 18 young (18432K), 18 survivors (18432K)
 Metaspace       used 35454K, committed 35840K, reserved 393216K
  class space    used 4943K, committed 5120K, reserved 327680K
}
Event: 4.696 GC heap before
{Heap before GC invocations=6 (full 0):
 garbage-first heap   total 262144K, used 137556K [0x00000000e0000000, 0x0000000100000000)
  region size 1024K, 113 young (115712K), 18 survivors (18432K)
 Metaspace       used 35773K, committed 36096K, reserved 393216K
  class space    used 4980K, committed 5120K, reserved 327680K
}
Event: 4.712 GC heap after
{Heap after GC invocations=7 (full 0):
 garbage-first heap   total 262144K, used 46249K [0x00000000e0000000, 0x0000000100000000)
  region size 1024K, 14 young (14336K), 14 survivors (14336K)
 Metaspace       used 35773K, committed 36096K, reserved 393216K
  class space    used 4980K, committed 5120K, reserved 327680K
}
Event: 6.742 GC heap before
{Heap before GC invocations=8 (full 0):
 garbage-first heap   total 262144K, used 189609K [0x00000000e0000000, 0x0000000100000000)
  region size 1024K, 153 young (156672K), 14 survivors (14336K)
 Metaspace       used 48876K, committed 49472K, reserved 393216K
  class space    used 6761K, committed 7040K, reserved 327680K
}
Event: 6.755 GC heap after
{Heap after GC invocations=9 (full 0):
 garbage-first heap   total 262144K, used 53248K [0x00000000e0000000, 0x0000000100000000)
  region size 1024K, 13 young (13312K), 13 survivors (13312K)
 Metaspace       used 48876K, committed 49472K, reserved 393216K
  class space    used 6761K, committed 7040K, reserved 327680K
}
Event: 8.177 GC heap before
{Heap before GC invocations=9 (full 0):
 garbage-first heap   total 262144K, used 195584K [0x00000000e0000000, 0x0000000100000000)
  region size 1024K, 153 young (156672K), 13 survivors (13312K)
 Metaspace       used 58332K, committed 59008K, reserved 393216K
  class space    used 8244K, committed 8576K, reserved 327680K
}
Event: 8.194 GC heap after
{Heap after GC invocations=10 (full 0):
 garbage-first heap   total 262144K, used 66455K [0x00000000e0000000, 0x0000000100000000)
  region size 1024K, 20 young (20480K), 20 survivors (20480K)
 Metaspace       used 58332K, committed 59008K, reserved 393216K
  class space    used 8244K, committed 8576K, reserved 327680K
}
Event: 8.762 GC heap before
{Heap before GC invocations=10 (full 0):
 garbage-first heap   total 262144K, used 123799K [0x00000000e0000000, 0x0000000100000000)
  region size 1024K, 78 young (79872K), 20 survivors (20480K)
 Metaspace       used 59783K, committed 60416K, reserved 393216K
  class space    used 8336K, committed 8640K, reserved 327680K
}
Event: 8.777 GC heap after
{Heap after GC invocations=11 (full 0):
 garbage-first heap   total 262144K, used 71532K [0x00000000e0000000, 0x0000000100000000)
  region size 1024K, 5 young (5120K), 5 survivors (5120K)
 Metaspace       used 59783K, committed 60416K, reserved 393216K
  class space    used 8336K, committed 8640K, reserved 327680K
}

